<?xml version="1.0" encoding="UTF-8"?>
<testsuite xmlns:xsi="http://www.w3.org/2001/XMLSchema-instance" xsi:noNamespaceSchemaLocation="https://maven.apache.org/surefire/maven-surefire-plugin/xsd/surefire-test-report-3.0.xsd" version="3.0" name="TestSuite" time="99.172" tests="12" errors="0" skipped="0" failures="1">
  <properties>
    <property name="java.specification.version" value="14"/>
    <property name="webdriver.chrome.driver" value="/Users/lruiz/eclipse-workspace/Selenium_Jenkins/src/test/resources/drivers/chromedriver"/>
    <property name="sun.jnu.encoding" value="UTF-8"/>
    <property name="java.class.path" value="/Users/lruiz/eclipse-workspace/Selenium_Jenkins/target/test-classes:/Users/lruiz/eclipse-workspace/Selenium_Jenkins/target/classes:/Users/lruiz/.m2/repository/org/seleniumhq/selenium/selenium-java/3.141.59/selenium-java-3.141.59.jar:/Users/lruiz/.m2/repository/org/seleniumhq/selenium/selenium-api/3.141.59/selenium-api-3.141.59.jar:/Users/lruiz/.m2/repository/org/seleniumhq/selenium/selenium-chrome-driver/3.141.59/selenium-chrome-driver-3.141.59.jar:/Users/lruiz/.m2/repository/org/seleniumhq/selenium/selenium-edge-driver/3.141.59/selenium-edge-driver-3.141.59.jar:/Users/lruiz/.m2/repository/org/seleniumhq/selenium/selenium-firefox-driver/3.141.59/selenium-firefox-driver-3.141.59.jar:/Users/lruiz/.m2/repository/org/seleniumhq/selenium/selenium-ie-driver/3.141.59/selenium-ie-driver-3.141.59.jar:/Users/lruiz/.m2/repository/org/seleniumhq/selenium/selenium-opera-driver/3.141.59/selenium-opera-driver-3.141.59.jar:/Users/lruiz/.m2/repository/org/seleniumhq/selenium/selenium-remote-driver/3.141.59/selenium-remote-driver-3.141.59.jar:/Users/lruiz/.m2/repository/org/seleniumhq/selenium/selenium-safari-driver/3.141.59/selenium-safari-driver-3.141.59.jar:/Users/lruiz/.m2/repository/org/seleniumhq/selenium/selenium-support/3.141.59/selenium-support-3.141.59.jar:/Users/lruiz/.m2/repository/net/bytebuddy/byte-buddy/1.8.15/byte-buddy-1.8.15.jar:/Users/lruiz/.m2/repository/org/apache/commons/commons-exec/1.3/commons-exec-1.3.jar:/Users/lruiz/.m2/repository/com/google/guava/guava/25.0-jre/guava-25.0-jre.jar:/Users/lruiz/.m2/repository/com/google/code/findbugs/jsr305/1.3.9/jsr305-1.3.9.jar:/Users/lruiz/.m2/repository/org/checkerframework/checker-compat-qual/2.0.0/checker-compat-qual-2.0.0.jar:/Users/lruiz/.m2/repository/com/google/errorprone/error_prone_annotations/2.1.3/error_prone_annotations-2.1.3.jar:/Users/lruiz/.m2/repository/com/google/j2objc/j2objc-annotations/1.1/j2objc-annotations-1.1.jar:/Users/lruiz/.m2/repository/org/codehaus/mojo/animal-sniffer-annotations/1.14/animal-sniffer-annotations-1.14.jar:/Users/lruiz/.m2/repository/com/squareup/okhttp3/okhttp/3.11.0/okhttp-3.11.0.jar:/Users/lruiz/.m2/repository/com/squareup/okio/okio/1.14.0/okio-1.14.0.jar:/Users/lruiz/.m2/repository/org/testng/testng/7.1.0/testng-7.1.0.jar:/Users/lruiz/.m2/repository/com/beust/jcommander/1.72/jcommander-1.72.jar:/Users/lruiz/.m2/repository/com/google/inject/guice/4.1.0/guice-4.1.0-no_aop.jar:/Users/lruiz/.m2/repository/javax/inject/javax.inject/1/javax.inject-1.jar:/Users/lruiz/.m2/repository/aopalliance/aopalliance/1.0/aopalliance-1.0.jar:/Users/lruiz/.m2/repository/org/yaml/snakeyaml/1.21/snakeyaml-1.21.jar:"/>
    <property name="java.vm.vendor" value="Oracle Corporation"/>
    <property name="sun.arch.data.model" value="64"/>
    <property name="java.vendor.url" value="https://java.oracle.com/"/>
    <property name="user.timezone" value="America/Lima"/>
    <property name="os.name" value="Mac OS X"/>
    <property name="java.vm.specification.version" value="14"/>
    <property name="sun.java.launcher" value="SUN_STANDARD"/>
    <property name="user.country" value="PE"/>
    <property name="sun.boot.library.path" value="/Library/Java/JavaVirtualMachines/jdk-14.0.2.jdk/Contents/Home/lib"/>
    <property name="sun.java.command" value="/Users/lruiz/eclipse-workspace/Selenium_Jenkins/target/surefire/surefirebooter8145526301218569779.jar /Users/lruiz/eclipse-workspace/Selenium_Jenkins/target/surefire 2020-09-14T23-33-20_733-jvmRun1 surefire1525849239123785109tmp surefire_08237608286378470333tmp"/>
    <property name="http.nonProxyHosts" value="local|*.local|169.254/16|*.169.254/16"/>
    <property name="jdk.debug" value="release"/>
    <property name="surefire.test.class.path" value="/Users/lruiz/eclipse-workspace/Selenium_Jenkins/target/test-classes:/Users/lruiz/eclipse-workspace/Selenium_Jenkins/target/classes:/Users/lruiz/.m2/repository/org/seleniumhq/selenium/selenium-java/3.141.59/selenium-java-3.141.59.jar:/Users/lruiz/.m2/repository/org/seleniumhq/selenium/selenium-api/3.141.59/selenium-api-3.141.59.jar:/Users/lruiz/.m2/repository/org/seleniumhq/selenium/selenium-chrome-driver/3.141.59/selenium-chrome-driver-3.141.59.jar:/Users/lruiz/.m2/repository/org/seleniumhq/selenium/selenium-edge-driver/3.141.59/selenium-edge-driver-3.141.59.jar:/Users/lruiz/.m2/repository/org/seleniumhq/selenium/selenium-firefox-driver/3.141.59/selenium-firefox-driver-3.141.59.jar:/Users/lruiz/.m2/repository/org/seleniumhq/selenium/selenium-ie-driver/3.141.59/selenium-ie-driver-3.141.59.jar:/Users/lruiz/.m2/repository/org/seleniumhq/selenium/selenium-opera-driver/3.141.59/selenium-opera-driver-3.141.59.jar:/Users/lruiz/.m2/repository/org/seleniumhq/selenium/selenium-remote-driver/3.141.59/selenium-remote-driver-3.141.59.jar:/Users/lruiz/.m2/repository/org/seleniumhq/selenium/selenium-safari-driver/3.141.59/selenium-safari-driver-3.141.59.jar:/Users/lruiz/.m2/repository/org/seleniumhq/selenium/selenium-support/3.141.59/selenium-support-3.141.59.jar:/Users/lruiz/.m2/repository/net/bytebuddy/byte-buddy/1.8.15/byte-buddy-1.8.15.jar:/Users/lruiz/.m2/repository/org/apache/commons/commons-exec/1.3/commons-exec-1.3.jar:/Users/lruiz/.m2/repository/com/google/guava/guava/25.0-jre/guava-25.0-jre.jar:/Users/lruiz/.m2/repository/com/google/code/findbugs/jsr305/1.3.9/jsr305-1.3.9.jar:/Users/lruiz/.m2/repository/org/checkerframework/checker-compat-qual/2.0.0/checker-compat-qual-2.0.0.jar:/Users/lruiz/.m2/repository/com/google/errorprone/error_prone_annotations/2.1.3/error_prone_annotations-2.1.3.jar:/Users/lruiz/.m2/repository/com/google/j2objc/j2objc-annotations/1.1/j2objc-annotations-1.1.jar:/Users/lruiz/.m2/repository/org/codehaus/mojo/animal-sniffer-annotations/1.14/animal-sniffer-annotations-1.14.jar:/Users/lruiz/.m2/repository/com/squareup/okhttp3/okhttp/3.11.0/okhttp-3.11.0.jar:/Users/lruiz/.m2/repository/com/squareup/okio/okio/1.14.0/okio-1.14.0.jar:/Users/lruiz/.m2/repository/org/testng/testng/7.1.0/testng-7.1.0.jar:/Users/lruiz/.m2/repository/com/beust/jcommander/1.72/jcommander-1.72.jar:/Users/lruiz/.m2/repository/com/google/inject/guice/4.1.0/guice-4.1.0-no_aop.jar:/Users/lruiz/.m2/repository/javax/inject/javax.inject/1/javax.inject-1.jar:/Users/lruiz/.m2/repository/aopalliance/aopalliance/1.0/aopalliance-1.0.jar:/Users/lruiz/.m2/repository/org/yaml/snakeyaml/1.21/snakeyaml-1.21.jar:"/>
    <property name="sun.cpu.endian" value="little"/>
    <property name="user.home" value="/Users/lruiz"/>
    <property name="user.language" value="es"/>
    <property name="java.specification.vendor" value="Oracle Corporation"/>
    <property name="java.version.date" value="2020-07-14"/>
    <property name="java.home" value="/Library/Java/JavaVirtualMachines/jdk-14.0.2.jdk/Contents/Home"/>
    <property name="file.separator" value="/"/>
    <property name="basedir" value="/Users/lruiz/eclipse-workspace/Selenium_Jenkins"/>
    <property name="java.vm.compressedOopsMode" value="Zero based"/>
    <property name="line.separator" value="&#10;"/>
    <property name="java.vm.specification.vendor" value="Oracle Corporation"/>
    <property name="java.specification.name" value="Java Platform API Specification"/>
    <property name="surefire.real.class.path" value="/Users/lruiz/eclipse-workspace/Selenium_Jenkins/target/surefire/surefirebooter8145526301218569779.jar"/>
    <property name="sun.management.compiler" value="HotSpot 64-Bit Tiered Compilers"/>
    <property name="ftp.nonProxyHosts" value="local|*.local|169.254/16|*.169.254/16"/>
    <property name="java.runtime.version" value="14.0.2+12-46"/>
    <property name="user.name" value="lruiz"/>
    <property name="path.separator" value=":"/>
    <property name="os.version" value="10.15.6"/>
    <property name="java.runtime.name" value="Java(TM) SE Runtime Environment"/>
    <property name="file.encoding" value="UTF-8"/>
    <property name="java.vm.name" value="Java HotSpot(TM) 64-Bit Server VM"/>
    <property name="localRepository" value="/Users/lruiz/.m2/repository"/>
    <property name="java.vendor.url.bug" value="https://bugreport.java.com/bugreport/"/>
    <property name="java.io.tmpdir" value="/var/folders/24/_qgc86tj2gz95z0lbd787wph0000gn/T/"/>
    <property name="java.version" value="14.0.2"/>
    <property name="user.dir" value="/Users/lruiz/eclipse-workspace/Selenium_Jenkins"/>
    <property name="os.arch" value="x86_64"/>
    <property name="webdriver.gecko.driver" value="/Users/lruiz/eclipse-workspace/Selenium_Jenkins/src/test/resources/drivers/geckodriver"/>
    <property name="java.vm.specification.name" value="Java Virtual Machine Specification"/>
    <property name="java.library.path" value="/Users/lruiz/Library/Java/Extensions:/Library/Java/Extensions:/Network/Library/Java/Extensions:/System/Library/Java/Extensions:/usr/lib/java:."/>
    <property name="java.vm.info" value="mixed mode, sharing"/>
    <property name="java.vendor" value="Oracle Corporation"/>
    <property name="java.vm.version" value="14.0.2+12-46"/>
    <property name="sun.io.unicode.encoding" value="UnicodeBig"/>
    <property name="socksNonProxyHosts" value="local|*.local|169.254/16|*.169.254/16"/>
    <property name="java.class.version" value="58.0"/>
  </properties>
  <testcase name="test" classname="pe.edu.galaxy.Annotations" time="0.003">
    <system-out><![CDATA[@BeforeSuite
@BeforeTest
@BeforeClass
@BeforeMethod
Test
]]></system-out>
  </testcase>
  <testcase name="test" classname="pe.edu.galaxy.Annotations" time="0">
    <system-out><![CDATA[@BeforeClass
@BeforeMethod
Test
]]></system-out>
    <system-err><![CDATA[1600144503574	Marionette	INFO	Stopped listening on port 61431
]]></system-err>
  </testcase>
  <testcase name="test2" classname="pe.edu.galaxy.Annotations" time="0.001">
    <system-out><![CDATA[@AfterMethod
@BeforeMethod
Test2
]]></system-out>
  </testcase>
  <testcase name="test2" classname="pe.edu.galaxy.Annotations" time="0">
    <system-out><![CDATA[@AfterMethod
@BeforeMethod
Test2
]]></system-out>
  </testcase>
  <testcase name="getLisProducts" classname="pe.edu.galaxy.Shopping" time="0.09">
    <system-out><![CDATA[@AfterMethod
@AfterClass
Number of Productos:3
]]></system-out>
    <system-err><![CDATA[Starting ChromeDriver 84.0.4147.30 (48b3e868b4cc0aa7e8149519690b6f6949e110a8-refs/branch-heads/4147@{#310}) on port 39358
Only local connections are allowed.
Please see https://chromedriver.chromium.org/security-considerations for suggestions on keeping ChromeDriver safe.
ChromeDriver was started successfully.
[1600144416.181][WARNING]: This version of ChromeDriver has not been tested with Chrome version 85.
set. 14, 2020 11:33:37 P. M. org.openqa.selenium.remote.ProtocolHandshake createSession
INFO: Detected dialect: W3C
]]></system-err>
  </testcase>
  <testcase name="addFirstItem" classname="pe.edu.galaxy.Shopping" time="11.22"/>
  <testcase name="addMoreItem" classname="pe.edu.galaxy.Shopping" time="17.575"/>
  <testcase name="shippingAddress" classname="pe.edu.galaxy.Shopping" time="7.251"/>
  <testcase name="completeOrder" classname="pe.edu.galaxy.Shopping" time="4.032"/>
  <testcase name="goToSingIn" classname="pe.edu.galaxy.Invoice" time="5.984">
    <system-out><![CDATA[@AfterTest
@BeforeTest
]]></system-out>
    <system-err><![CDATA[1600144468999	mozrunner::runner	INFO	Running command: "/Applications/Firefox.app/Contents/MacOS/firefox-bin" "-marionette" "-foreground" "-no-remote" "-profile" "/var/folders/24/_qgc86tj2gz95z0lbd787wph0000gn/T/rust_mozprofileBJYXN3"
console.error: SearchCache: "_readCacheFile: Error reading cache file:" (new Error("", "(unknown module)"))
1600144479643	Marionette	INFO	Listening on port 61431
1600144479683	Marionette	WARN	TLS certificate errors will be ignored for this session
set. 14, 2020 11:34:39 P. M. org.openqa.selenium.remote.ProtocolHandshake createSession
INFO: Detected dialect: W3C
JavaScript error: resource://gre/modules/URIFixup.jsm, line 271: NS_ERROR_FAILURE: Should pass a non-null uri
JavaScript warning: http://mypefact.com/, line 530: unreachable code after return statement
JavaScript warning: http://mypefact.com/, line 538: unreachable code after return statement
JavaScript warning: http://mypefact.com/, line 546: unreachable code after return statement
JavaScript warning: http://mypefact.com/, line 530: unreachable code after return statement
]]></system-err>
  </testcase>
  <testcase name="setCredential" classname="pe.edu.galaxy.Invoice" time="3.331">
    <system-err><![CDATA[JavaScript error: resource://gre/modules/XULStore.jsm, line 66: Error: Can't find profile directory.
JavaScript error: resource://gre/modules/XULStore.jsm, line 66: Error: Can't find profile directory.
]]></system-err>
  </testcase>
  <testcase name="salePekosita" classname="pe.edu.galaxy.Invoice" time="5.232">
    <failure message="expected:&lt;SUNAT: El dato ingresado como unidad de medida no corresponde al valor esperado - Detalle: xxx.xxx.xxx value=&apos;ticket: 1600110682097 error: : 2936: Valor no se encuentra en el catalogo: 03 (nodo: &quot;cbc:InvoicedQuantity/unitCode&quot; valor: &quot;UND&quot;)&apos;&gt; but was:&lt;SUNAT: El dato ingresado como unidad de medida no corresponde al valor esperado - Detalle: xxx.xxx.xxx value=&apos;ticket: 1600144105981 error: : 2936: Valor no se encuentra en el catalogo: 03 (nodo: &quot;cbc:InvoicedQuantity/unitCode&quot; valor: &quot;UND&quot;)&apos;&gt;" type="java.lang.AssertionError"><![CDATA[java.lang.AssertionError: expected:<SUNAT: El dato ingresado como unidad de medida no corresponde al valor esperado - Detalle: xxx.xxx.xxx value='ticket: 1600110682097 error: : 2936: Valor no se encuentra en el catalogo: 03 (nodo: "cbc:InvoicedQuantity/unitCode" valor: "UND")'> but was:<SUNAT: El dato ingresado como unidad de medida no corresponde al valor esperado - Detalle: xxx.xxx.xxx value='ticket: 1600144105981 error: : 2936: Valor no se encuentra en el catalogo: 03 (nodo: "cbc:InvoicedQuantity/unitCode" valor: "UND")'>
	at pe.edu.galaxy.Invoice.salePekosita(Invoice.java:86)
]]></failure>
  </testcase>
</testsuite>